{"ts": "2026-04-20T14:58:15.543421", "event": "query", "question": "接口测试", "filters": {}, "evidence_sources": ["接口测试基础知识.md", "接口测试基础知识.md", "接口测试基础知识.md"]}
{"ts": "2026-04-20T15:38:28.346370", "event": "query", "question": "数据库常用内置函数速查", "filters": {}, "evidence_sources": ["接口测试基础知识.md", "接口测试基础知识.md", "接口测试基础知识.md"]}
{"ts": "2026-04-20T15:38:51.001192", "event": "query", "question": "常用内置函数速查", "filters": {}, "evidence_sources": ["接口测试基础知识.md", "接口测试基础知识.md", "接口测试基础知识.md"]}
{"ts": "2026-04-20T15:39:20.247323", "event": "query", "question": "常用内置函数速查", "filters": {}, "evidence_sources": ["接口测试基础知识.md", "接口测试基础知识.md", "接口测试基础知识.md"]}
{"ts": "2026-04-20T15:39:52.876895", "event": "query", "question": "UPPER是什么", "filters": {}, "evidence_sources": ["接口测试基础知识.md", "接口测试基础知识.md", "接口测试基础知识.md"]}
{"ts": "2026-04-20T16:00:05.943696", "event": "query", "question": "DATE_SUB", "filters": {}, "evidence_sources": ["接口测试基础知识.md", "接口测试基础知识.md", "接口测试基础知识.md"]}
{"ts": "2026-04-20T16:00:43.354120", "event": "query", "question": "Web 服务器日志 vs 网关日志的区别", "filters": {}, "evidence_sources": ["接口测试基础知识.md", "http_basics.txt", "接口测试基础知识.md"]}
{"ts": "2026-04-20T16:02:34.394552", "event": "query", "question": "`/var` 是服务器中的什么路径", "filters": {}, "evidence_sources": ["测试基础知识.md", "测试基础知识.md", "测试基础知识.md"]}
{"ts": "2026-04-20T20:04:42.349916", "event": "query", "question": "who", "filters": {}, "evidence_sources": ["测试基础知识.md", "测试基础知识.md", "测试基础知识.md"]}
{"ts": "2026-04-20T20:49:08.660845", "event": "query", "question": "你是谁", "filters": {}, "evidence_sources": ["接口测试基础知识.md", "接口测试基础知识.md", "接口测试基础知识.md"]}
{"ts": "2026-04-20T20:49:58.919392", "event": "query", "question": "选项 B：同步更新 server.py 的 import，代码更清晰", "filters": {}, "evidence_sources": ["接口测试基础知识.md", "接口测试基础知识.md", "接口测试基础知识.md"]}
{"ts": "2026-04-20T20:51:10.491713", "event": "query", "question": "API 接口测试指南", "filters": {}, "evidence_sources": ["api_testing.dita", "接口测试基础知识.md", "接口测试基础知识.md"]}
{"ts": "2026-04-20T20:52:25.965979", "event": "query", "question": "你是谁", "filters": {}, "evidence_sources": ["接口测试基础知识.md", "接口测试基础知识.md", "接口测试基础知识.md"]}
{"ts": "2026-04-20T22:06:42.048506", "event": "query", "question": "脏数据是什么", "filters": {}, "evidence_sources": ["接口测试基础知识.md", "接口测试基础知识.md", "接口测试基础知识.md"]}
{"ts": "2026-04-21T11:46:51.416216", "event": "query", "question": "REST 架构风格简介", "filters": {}, "evidence_sources": ["restful_api.xml", "restful_api.xml", "developer_guide.ditamap"], "max_rerank_score": 10.9577, "low_confidence": false}
{"ts": "2026-04-21T14:51:09.038074", "event": "query", "question": "晶圆CP测试有哪些测试项？", "filters": {}, "evidence_sources": ["api_testing.dita", "接口测试基础知识.md", "developer_guide.ditamap"], "max_rerank_score": -2.9072, "low_confidence": true}
{"ts": "2026-04-21T14:52:13.767585", "event": "query", "question": "晶圆CP测试有哪些测试项？", "filters": {}, "evidence_sources": ["api_testing.dita", "接口测试基础知识.md", "developer_guide.ditamap"], "max_rerank_score": -2.9072, "low_confidence": true}
{"ts": "2026-04-21T15:11:49.684636", "event": "query", "question": "WPS-3000 的主要技术指标是什么？", "filters": {}, "evidence_sources": ["YOLE-Status of the Semiconductor Foundry Industry 2025.pdf", "接口测试基础知识.md", "接口测试基础知识.md"], "max_rerank_score": -4.7022, "low_confidence": true}
{"ts": "2026-04-21T15:13:47.377923", "event": "query", "question": "WPS-3000 的主要技术指标是什么？", "filters": {}, "evidence_sources": ["培训/培训主题/WPS-3000现场工程师认证培训大纲.md", "项目管理/项目/WPS-3000Pro项目立项报告.md", "研发/机型/WPS-3000机型规格说明.md"], "max_rerank_score": 3.9531, "low_confidence": false}
{"ts": "2026-04-21T19:35:05.474643", "event": "query", "question": "测试", "filters": {"doc_type": "spec"}, "evidence_sources": ["研发/机型/WPS-3000机型规格说明.md", "研发/机型/ThermoChuck-X机型性能评估报告.md", "研发/机型/ATE-Link500机型接口能力说明.md"], "max_rerank_score": -1.9847, "low_confidence": true}
{"ts": "2026-04-21T19:35:48.695290", "event": "query", "question": "WPS-3000 的主要技术指标是什么？", "filters": {}, "evidence_sources": ["培训/培训主题/WPS-3200新员工培训大纲.md", "项目管理/项目/WPS-3200开发项目立项报告.md", "研发/版本/WPS-3000软件版本发布说明V2.3.md"], "max_rerank_score": 5.1452, "low_confidence": false}
{"ts": "2026-04-21T19:37:13.492340", "event": "query", "question": "WPS-3000 的主要技术指标是什么？", "filters": {"department": "产品"}, "evidence_sources": ["产品/方案/文档中心方案.docx", "产品/方案/文档中心方案.docx", "产品/方案/文档中心方案.docx"], "max_rerank_score": -4.6547, "low_confidence": true}
{"ts": "2026-04-21T19:37:50.448281", "event": "query", "question": "WPS-3000 的主要技术指标是什么？", "filters": {"department": "人力资源"}, "evidence_sources": ["培训/岗位/测试开发工程师岗位说明书.md", "培训/岗位/现场服务工程师岗位说明书.md", "培训/岗位/资料开发工程师岗位说明书.md"], "max_rerank_score": 0.4135, "low_confidence": false}
{"ts": "2026-04-21T19:38:28.941862", "event": "query", "question": "WPS-3000 的主要技术指标是什么？", "filters": {"department": "测试"}, "evidence_sources": ["测试/测试项/晶圆CP测试项定义与规范.md", "测试/测试用例/运动控制回归测试用例集.md", "测试/测试用例/探针卡切换流程测试用例.md"], "max_rerank_score": 0.0348, "low_confidence": true}
{"ts": "2026-04-21T19:39:44.429685", "event": "query", "question": "WPS-3000 的主要技术指标是什么？", "filters": {"version": "v1.1", "department": "研发"}, "low_confidence": true, "max_rerank_score": 0.0, "evidence_sources": []}
{"ts": "2026-04-21T19:40:14.403720", "event": "query", "question": "WPS-3000 的主要技术指标是什么？", "filters": {"version": "V1.1", "department": "研发"}, "evidence_sources": ["项目管理/项目/WPS-3200开发项目立项报告.md", "项目管理/项目/WPS-3200开发项目立项报告.md", "研发/版本/WPS-3000软件版本发布说明V2.2.md"], "max_rerank_score": 4.1122, "low_confidence": false}
{"ts": "2026-04-21T19:41:34.116505", "event": "query", "question": "WPS-3000 的主要技术指标是什么？", "filters": {"version": "V1.1"}, "evidence_sources": ["培训/培训主题/WPS-3200新员工培训大纲.md", "项目管理/项目/WPS-3200开发项目立项报告.md", "研发/版本/WPS-3000软件版本发布说明V2.2.md"], "max_rerank_score": 5.1452, "low_confidence": false}
{"ts": "2026-04-21T19:50:56.184584", "event": "query", "question": "WPS-3000 的主要技术指标是什么？", "filters": {"department": "人力资源", "confidentiality": "公开"}, "evidence_sources": ["人力资源/通知/关于做好2026届毕业生一次性求职补贴申报工作的通知.docx", "人力资源/通知/关于做好2026届毕业生一次性求职补贴申报工作的通知.docx", "人力资源/通知/关于做好2026届毕业生一次性求职补贴申报工作的通知.docx"], "max_rerank_score": -4.4691, "low_confidence": true}
{"ts": "2026-04-21T19:52:33.569044", "event": "query", "question": "WPS-3000 的主要技术指标是什么？", "filters": {"product_line": "晶圆测试设备", "version": "V2.1", "department": "研发"}, "evidence_sources": ["维护/故障码/WPS-3000故障码定义手册.md", "研发/版本/WPS-3000软件版本发布说明V2.1.md", "研发/机型/WPS-3000机型规格说明.md"], "max_rerank_score": 1.0283, "low_confidence": false}
{"ts": "2026-04-21T19:56:39.760702", "event": "query", "question": "WPS-3000 的主要技术指标是什么？", "filters": {"doc_type": "spec"}, "evidence_sources": ["研发/机型/WPS-3000机型规格说明.md", "研发/机型/WPS-3000机型规格说明.md", "研发/机型/WPS-3000机型规格说明.md"], "max_rerank_score": -1.0788, "low_confidence": true}
{"ts": "2026-04-21T19:57:40.027262", "event": "query", "question": "WPS-3000 的主要技术指标是什么？", "filters": {"doc_type": "project"}, "evidence_sources": ["项目管理/项目/WPS-3200开发项目立项报告.md", "项目管理/项目/WPS-3200开发项目立项报告.md", "项目管理/项目/ATE-Link平台改造项目建议书.md"], "max_rerank_score": 4.1122, "low_confidence": false}
{"ts": "2026-04-21T19:59:11.472141", "event": "query", "question": "开路/短路检测的判定标准是什么？", "filters": {"department": "测试"}, "evidence_sources": ["测试/测试项/晶圆CP测试项定义与规范.md", "测试/测试项/晶圆FT测试项定义与规范.md", "测试/测试用例/开路短路测试用例集.md"], "max_rerank_score": 2.725, "low_confidence": false}
{"ts": "2026-04-21T20:00:41.987424", "event": "query", "question": "开路/短路检测的判定标准是什么？", "filters": {"department": "研发"}, "evidence_sources": ["研发/模块子系统/测试头板卡子系统维护指南.md", "研发/模块子系统/测试头板卡子系统维护指南.md", "项目管理/项目/ATE-Link平台改造项目建议书.md"], "max_rerank_score": -1.561, "low_confidence": true}
{"ts": "2026-04-21T20:17:38.613384", "event": "query", "question": "WPS-3000 的主要技术指标是什么？", "filters": {}, "evidence_sources": ["培训/培训主题/WPS-3200新员工培训大纲.md", "项目管理/项目/WPS-3200开发项目立项报告.md", "研发/版本/WPS-3000软件版本发布说明V2.3.md"], "max_rerank_score": 5.1452, "low_confidence": false}
{"ts": "2026-04-21T20:17:48.544670", "event": "query", "question": "WPS-3000 软件 V2.1 新增了哪些功能？", "filters": {}, "evidence_sources": ["研发/产品线/WPS系列产品线规划说明.md", "研发/版本/WPS-3000软件版本发布说明V2.2.md", "研发/版本/WPS-3000软件版本发布说明V2.1.md"], "max_rerank_score": 5.7218, "low_confidence": false}
{"ts": "2026-04-21T20:17:50.895412", "event": "query", "question": "开路/短路检测的判定标准是什么？", "filters": {}, "evidence_sources": ["测试/测试项/晶圆CP测试项定义与规范.md", "测试/测试项/晶圆FT测试项定义与规范.md", "研发/模块子系统/测试头板卡子系统维护指南.md"], "max_rerank_score": 2.725, "low_confidence": false}
{"ts": "2026-04-21T20:18:05.612059", "event": "query", "question": "VIS-1002 是什么意思？", "filters": {}, "evidence_sources": ["维护/故障案例/VIS-1002-Fiducial识别失败案例.md", "维护/故障案例/VIS-1002-Fiducial识别失败案例.md", "维护/故障案例/VIS-1002-Fiducial识别失败案例.md"], "max_rerank_score": 2.8999, "low_confidence": false}
{"ts": "2026-04-21T20:18:14.262641", "event": "query", "question": "Fiducial 识别失败怎么处理？", "filters": {}, "evidence_sources": ["测试/测试项/视觉定位精度测试项说明.md", "服务/工单/服务工单WO-2025-0503.md", "接口测试流程.md"], "max_rerank_score": 2.9748, "low_confidence": false}
{"ts": "2026-04-21T20:18:26.178170", "event": "query", "question": "WPS-3000Pro 项目的主要里程碑有哪些？", "filters": {}, "evidence_sources": ["项目管理/项目/WPS-3200开发项目立项报告.md", "项目管理/项目/WPS-3000Pro项目立项报告.md", "培训/培训主题/WPS-3200新员工培训大纲.md"], "max_rerank_score": 3.6608, "low_confidence": false}
{"ts": "2026-04-21T20:18:38.312383", "event": "query", "question": "XX 半导体苏州客户有哪些特殊需求？", "filters": {}, "evidence_sources": ["项目管理/客户/XX半导体苏州客户档案.md", "项目管理/客户/XX半导体苏州客户档案.md", "项目管理/客户/华东先进封装客户档案.md"], "max_rerank_score": 3.5269, "low_confidence": false}
{"ts": "2026-04-21T20:18:47.185606", "event": "query", "question": "QE-2025-0087 的根本原因是什么？", "filters": {}, "evidence_sources": ["质量/质量事件/质量事件报告QE-2025-0091.md", "质量/质量事件/质量事件报告QE-2025-0098.md", "质量/质量事件/质量事件报告QE-2025-0087.md"], "max_rerank_score": 0.5382, "low_confidence": false}
{"ts": "2026-04-21T20:18:58.747048", "event": "query", "question": "8D-2025-0087 采取了哪些永久纠正措施？", "filters": {}, "evidence_sources": ["质量/8D/8D报告-2025-0091.md", "质量/8D/8D报告-2025-0098.md", "质量/8D/8D报告-2025-0104.md"], "max_rerank_score": -1.7737, "low_confidence": true}
{"ts": "2026-04-21T20:19:04.743278", "event": "query", "question": "高压测试链路中 RPN 最高的风险是什么？", "filters": {}, "evidence_sources": ["项目管理/项目/视觉算法重构项目里程碑报告.md", "质量/FMEA/高压测试链路FMEA分析.md", "测试/测试项/高压参数测试项定义说明.md"], "max_rerank_score": -6.0524, "low_confidence": true}
{"ts": "2026-04-21T20:19:08.930757", "event": "query", "question": "WPS-3000 的主要技术指标是什么？", "filters": {"doc_type": "spec"}, "evidence_sources": ["研发/机型/WPS-3000机型规格说明.md", "研发/机型/WPS-3000机型规格说明.md", "研发/机型/WPS-3000机型规格说明.md"], "max_rerank_score": -1.0788, "low_confidence": true}
{"ts": "2026-04-21T20:19:14.268948", "event": "query", "question": "WPS-3000 的主要技术指标是什么？", "filters": {"doc_type": "project"}, "evidence_sources": ["项目管理/项目/WPS-3200开发项目立项报告.md", "项目管理/项目/WPS-3200开发项目立项报告.md", "项目管理/项目/ATE-Link平台改造项目建议书.md"], "max_rerank_score": 4.1122, "low_confidence": false}
{"ts": "2026-04-21T20:19:32.571731", "event": "query", "question": "开路/短路检测的判定标准是什么？", "filters": {"department": "测试", "doc_type": "test_spec"}, "evidence_sources": ["测试/测试项/晶圆CP测试项定义与规范.md", "测试/测试项/晶圆FT测试项定义与规范.md", "测试/测试项/晶圆FT测试项定义与规范.md"], "max_rerank_score": 2.725, "low_confidence": false}
{"ts": "2026-04-21T20:19:49.118872", "event": "query", "question": "开路/短路检测的判定标准是什么？", "filters": {"department": "研发"}, "evidence_sources": ["研发/模块子系统/测试头板卡子系统维护指南.md", "研发/模块子系统/测试头板卡子系统维护指南.md", "项目管理/项目/ATE-Link平台改造项目建议书.md"], "max_rerank_score": -1.561, "low_confidence": true}
{"ts": "2026-04-21T20:20:00.709357", "event": "query", "question": "WPS-3000 当前发布版本有哪些重要功能？", "filters": {"version": "V2.1", "doc_type": "release_note"}, "evidence_sources": ["研发/版本/WPS-3000软件版本发布说明V2.1.md", "研发/版本/WPS-3000软件版本发布说明V2.1.md", "研发/版本/WPS-3000软件版本发布说明V2.1.md"], "max_rerank_score": 5.275, "low_confidence": false}
{"ts": "2026-04-21T20:20:04.306908", "event": "query", "question": "WPS-3000 当前发布版本有哪些重要功能？", "filters": {"version": "V2.3", "doc_type": "release_note"}, "low_confidence": true, "max_rerank_score": 0.0, "evidence_sources": []}
{"ts": "2026-04-21T20:20:04.687917", "event": "query", "question": "VIS-1002 相关信息是什么？", "filters": {"doc_type": "fault_code"}, "evidence_sources": ["维护/故障码/WPS-3000故障码定义手册.md", "维护/故障码/WPS-3000故障码定义手册.md", "维护/故障码/WPS-3000故障码定义手册.md"], "max_rerank_score": 0.1644, "low_confidence": false}
{"ts": "2026-04-21T20:20:09.948378", "event": "query", "question": "VIS-1002 相关信息是什么？", "filters": {"doc_type": "fault_case"}, "evidence_sources": ["维护/故障案例/VIS-1002-Fiducial识别失败案例.md", "维护/故障案例/VIS-1002-Fiducial识别失败案例.md", "维护/故障案例/VIS-1002-Fiducial识别失败案例.md"], "max_rerank_score": 1.3997, "low_confidence": false}
{"ts": "2026-04-21T20:20:17.202265", "event": "query", "question": "客户有哪些特殊需求？", "filters": {"doc_type": "customer"}, "evidence_sources": ["项目管理/客户/华东先进封装客户档案.md", "项目管理/客户/海外代工厂客户合作档案.md", "项目管理/客户/深圳车规芯片客户服务档案.md"], "max_rerank_score": 3.3328, "low_confidence": false}
{"ts": "2026-04-21T20:20:24.085628", "event": "query", "question": "2026届毕业生一次性求职补贴申报对象和标准是什么？", "filters": {"confidentiality": "公开"}, "evidence_sources": ["人力资源/通知/关于做好2026届毕业生一次性求职补贴申报工作的通知.docx", "人力资源/通知/关于做好2026届毕业生一次性求职补贴申报工作的通知.docx", "人力资源/通知/关于做好2026届毕业生一次性求职补贴申报工作的通知.docx"], "max_rerank_score": 5.8063, "low_confidence": false}
{"ts": "2026-04-21T20:20:36.758434", "event": "query", "question": "WPS-3000 的主要技术指标是什么？", "filters": {"product_line": "晶圆测试设备", "version": "V2.1", "department": "研发", "doc_type": "spec"}, "evidence_sources": ["研发/机型/WPS-3000机型规格说明.md", "研发/机型/WPS-3000机型规格说明.md", "研发/机型/WPS-3000机型规格说明.md"], "max_rerank_score": -1.0788, "low_confidence": true}
{"ts": "2026-04-21T20:20:42.370769", "event": "query", "question": "WPS-3000 的主要技术指标是什么？", "filters": {"department": "人力资源"}, "evidence_sources": ["培训/岗位/测试开发工程师岗位说明书.md", "培训/岗位/现场服务工程师岗位说明书.md", "培训/岗位/资料开发工程师岗位说明书.md"], "max_rerank_score": 0.4135, "low_confidence": false}
{"ts": "2026-04-21T20:20:44.951705", "event": "query", "question": "WPS-3000 的主要技术指标是什么？", "filters": {}, "evidence_sources": ["培训/培训主题/WPS-3200新员工培训大纲.md", "项目管理/项目/WPS-3200开发项目立项报告.md", "研发/版本/WPS-3000软件版本发布说明V2.3.md"], "max_rerank_score": 5.1452, "low_confidence": false}
{"ts": "2026-04-21T20:45:42.686312", "event": "query", "question": "WPS-3000 的主要技术指标是什么？", "filters": {}, "evidence_sources": ["培训/培训主题/WPS-3200新员工培训大纲.md", "项目管理/项目/WPS-3200开发项目立项报告.md", "研发/版本/WPS-3000软件版本发布说明V2.3.md"], "max_rerank_score": 5.1452, "low_confidence": false}
{"ts": "2026-04-21T20:45:54.316681", "event": "query", "question": "WPS-3000 软件 V2.1 新增了哪些功能？", "filters": {}, "evidence_sources": ["研发/产品线/WPS系列产品线规划说明.md", "研发/版本/WPS-3000软件版本发布说明V2.2.md", "研发/版本/WPS-3000软件版本发布说明V2.1.md"], "max_rerank_score": 5.7218, "low_confidence": false}
{"ts": "2026-04-21T20:46:09.022868", "event": "query", "question": "开路/短路检测的判定标准是什么？", "filters": {}, "evidence_sources": ["测试/测试项/晶圆CP测试项定义与规范.md", "测试/测试项/晶圆FT测试项定义与规范.md", "研发/模块子系统/测试头板卡子系统维护指南.md"], "max_rerank_score": 2.725, "low_confidence": false}
{"ts": "2026-04-21T20:46:25.925763", "event": "query", "question": "VIS-1002 是什么意思？", "filters": {}, "evidence_sources": ["维护/故障案例/VIS-1002-Fiducial识别失败案例.md", "维护/故障案例/VIS-1002-Fiducial识别失败案例.md", "维护/故障案例/VIS-1002-Fiducial识别失败案例.md"], "max_rerank_score": 2.8999, "low_confidence": false}
{"ts": "2026-04-21T20:46:31.054151", "event": "query", "question": "Fiducial 识别失败怎么处理？", "filters": {}, "evidence_sources": ["测试/测试项/视觉定位精度测试项说明.md", "服务/工单/服务工单WO-2025-0503.md", "接口测试流程.md"], "max_rerank_score": 2.9748, "low_confidence": false}
{"ts": "2026-04-21T20:46:43.911249", "event": "query", "question": "WPS-3000Pro 项目的主要里程碑有哪些？", "filters": {}, "evidence_sources": ["项目管理/项目/WPS-3200开发项目立项报告.md", "项目管理/项目/WPS-3000Pro项目立项报告.md", "培训/培训主题/WPS-3200新员工培训大纲.md"], "max_rerank_score": 3.6608, "low_confidence": false}
{"ts": "2026-04-21T20:47:05.028409", "event": "query", "question": "XX 半导体苏州客户有哪些特殊需求？", "filters": {}, "evidence_sources": ["项目管理/客户/XX半导体苏州客户档案.md", "项目管理/客户/XX半导体苏州客户档案.md", "项目管理/客户/华东先进封装客户档案.md"], "max_rerank_score": 3.5269, "low_confidence": false}
{"ts": "2026-04-21T20:47:22.181043", "event": "query", "question": "QE-2025-0087 的根本原因是什么？", "filters": {}, "evidence_sources": ["质量/质量事件/质量事件报告QE-2025-0091.md", "质量/质量事件/质量事件报告QE-2025-0098.md", "质量/质量事件/质量事件报告QE-2025-0087.md"], "max_rerank_score": 0.5382, "low_confidence": false}
{"ts": "2026-04-21T20:47:26.955413", "event": "query", "question": "8D-2025-0087 采取了哪些永久纠正措施？", "filters": {}, "evidence_sources": ["质量/8D/8D报告-2025-0091.md", "质量/8D/8D报告-2025-0098.md", "质量/8D/8D报告-2025-0104.md"], "max_rerank_score": -1.7737, "low_confidence": true}
{"ts": "2026-04-21T20:47:36.395326", "event": "query", "question": "高压测试链路中 RPN 最高的风险是什么？", "filters": {}, "evidence_sources": ["项目管理/项目/视觉算法重构项目里程碑报告.md", "质量/FMEA/高压测试链路FMEA分析.md", "测试/测试项/高压参数测试项定义说明.md"], "max_rerank_score": -6.0524, "low_confidence": true}
{"ts": "2026-04-21T20:47:43.594745", "event": "query", "question": "WPS-3000 的主要技术指标是什么？", "filters": {"doc_type": "spec"}, "evidence_sources": ["研发/机型/WPS-3000机型规格说明.md", "研发/机型/WPS-3000机型规格说明.md", "研发/机型/WPS-3000机型规格说明.md"], "max_rerank_score": -1.0788, "low_confidence": true}
{"ts": "2026-04-21T20:47:52.493659", "event": "query", "question": "WPS-3000 的主要技术指标是什么？", "filters": {"doc_type": "project"}, "evidence_sources": ["项目管理/项目/WPS-3200开发项目立项报告.md", "项目管理/项目/WPS-3200开发项目立项报告.md", "项目管理/项目/ATE-Link平台改造项目建议书.md"], "max_rerank_score": 4.1122, "low_confidence": false}
{"ts": "2026-04-21T20:48:13.030763", "event": "query", "question": "开路/短路检测的判定标准是什么？", "filters": {"department": "测试", "doc_type": "test_spec"}, "evidence_sources": ["测试/测试项/晶圆CP测试项定义与规范.md", "测试/测试项/晶圆FT测试项定义与规范.md", "测试/测试项/晶圆FT测试项定义与规范.md"], "max_rerank_score": 2.725, "low_confidence": false}
{"ts": "2026-04-21T20:48:32.009358", "event": "query", "question": "开路/短路检测的判定标准是什么？", "filters": {"department": "研发"}, "evidence_sources": ["研发/模块子系统/测试头板卡子系统维护指南.md", "研发/模块子系统/测试头板卡子系统维护指南.md", "项目管理/项目/ATE-Link平台改造项目建议书.md"], "max_rerank_score": -1.561, "low_confidence": true}
{"ts": "2026-04-21T20:48:47.483948", "event": "query", "question": "WPS-3000 当前发布版本有哪些重要功能？", "filters": {"version": "V2.1", "doc_type": "release_note"}, "evidence_sources": ["研发/版本/WPS-3000软件版本发布说明V2.1.md", "研发/版本/WPS-3000软件版本发布说明V2.1.md", "研发/版本/WPS-3000软件版本发布说明V2.1.md"], "max_rerank_score": 5.275, "low_confidence": false}
{"ts": "2026-04-21T20:48:51.430604", "event": "query", "question": "WPS-3000 当前发布版本有哪些重要功能？", "filters": {"version": "V2.3", "doc_type": "release_note"}, "low_confidence": true, "max_rerank_score": 0.0, "evidence_sources": []}
{"ts": "2026-04-21T20:48:52.067888", "event": "query", "question": "VIS-1002 相关信息是什么？", "filters": {"doc_type": "fault_code"}, "evidence_sources": ["维护/故障码/WPS-3000故障码定义手册.md", "维护/故障码/WPS-3000故障码定义手册.md", "维护/故障码/WPS-3000故障码定义手册.md"], "max_rerank_score": 0.1644, "low_confidence": false}
{"ts": "2026-04-21T20:48:56.379790", "event": "query", "question": "VIS-1002 相关信息是什么？", "filters": {"doc_type": "fault_case"}, "evidence_sources": ["维护/故障案例/VIS-1002-Fiducial识别失败案例.md", "维护/故障案例/VIS-1002-Fiducial识别失败案例.md", "维护/故障案例/VIS-1002-Fiducial识别失败案例.md"], "max_rerank_score": 1.3997, "low_confidence": false}
{"ts": "2026-04-21T20:49:10.036141", "event": "query", "question": "客户有哪些特殊需求？", "filters": {"doc_type": "customer"}, "evidence_sources": ["项目管理/客户/华东先进封装客户档案.md", "项目管理/客户/海外代工厂客户合作档案.md", "项目管理/客户/深圳车规芯片客户服务档案.md"], "max_rerank_score": 3.3328, "low_confidence": false}
{"ts": "2026-04-21T20:49:17.491066", "event": "query", "question": "2026届毕业生一次性求职补贴申报对象和标准是什么？", "filters": {"confidentiality": "公开"}, "evidence_sources": ["人力资源/通知/关于做好2026届毕业生一次性求职补贴申报工作的通知.docx", "人力资源/通知/关于做好2026届毕业生一次性求职补贴申报工作的通知.docx", "人力资源/通知/关于做好2026届毕业生一次性求职补贴申报工作的通知.docx"], "max_rerank_score": 5.8063, "low_confidence": false}
{"ts": "2026-04-21T20:49:29.255401", "event": "query", "question": "WPS-3000 的主要技术指标是什么？", "filters": {"product_line": "晶圆测试设备", "version": "V2.1", "department": "研发", "doc_type": "spec"}, "evidence_sources": ["研发/机型/WPS-3000机型规格说明.md", "研发/机型/WPS-3000机型规格说明.md", "研发/机型/WPS-3000机型规格说明.md"], "max_rerank_score": -1.0788, "low_confidence": true}
{"ts": "2026-04-21T20:49:34.866282", "event": "query", "question": "WPS-3000 的主要技术指标是什么？", "filters": {"department": "人力资源"}, "evidence_sources": ["培训/岗位/测试开发工程师岗位说明书.md", "培训/岗位/现场服务工程师岗位说明书.md", "培训/岗位/资料开发工程师岗位说明书.md"], "max_rerank_score": 0.4135, "low_confidence": false}
{"ts": "2026-04-21T21:03:36.594009", "event": "query", "question": "晶圆测试设备是什么", "filters": {}, "evidence_sources": ["服务/工单/服务工单WO-2025-0426.md.meta.json", "研发/产品线/WPS系列产品线规划说明.md.meta.json", "研发/产品线/高精度探针台产品线演进路线.md.meta.json"], "max_rerank_score": 2.5983, "low_confidence": false}
{"ts": "2026-04-21T21:06:50.733696", "event": "query", "question": "WPS-3000 的主要技术指标是什么？", "filters": {}, "evidence_sources": ["培训/培训主题/WPS-3200新员工培训大纲.md", "项目管理/项目/WPS-3200开发项目立项报告.md", "研发/版本/WPS-3000软件版本发布说明V2.3.md"], "max_rerank_score": 5.1452, "low_confidence": false}
{"ts": "2026-04-21T21:06:54.904908", "event": "query", "question": "WPS-3000 软件 V2.1 新增了哪些功能？", "filters": {}, "evidence_sources": ["研发/版本/WPS-3000软件版本发布说明V2.2.md", "研发/版本/WPS-3000软件版本发布说明V2.3.md", "研发/版本/WPS-3000软件版本发布说明V2.2.md"], "max_rerank_score": 6.6838, "low_confidence": false}
{"ts": "2026-04-21T21:07:02.829466", "event": "query", "question": "开路/短路检测的判定标准是什么？", "filters": {}, "evidence_sources": ["测试/测试项/晶圆CP测试项定义与规范.md", "测试/测试项/晶圆FT测试项定义与规范.md", "研发/模块子系统/测试头板卡子系统维护指南.md"], "max_rerank_score": 2.725, "low_confidence": false}
{"ts": "2026-04-21T21:07:20.376009", "event": "query", "question": "VIS-1002 是什么意思？", "filters": {}, "evidence_sources": ["维护/故障案例/VIS-1002-Fiducial识别失败案例.md", "维护/故障案例/VIS-1002-Fiducial识别失败案例.md", "维护/故障案例/VIS-1002-Fiducial识别失败案例.md"], "max_rerank_score": 2.8999, "low_confidence": false}
{"ts": "2026-04-21T21:07:26.376453", "event": "query", "question": "Fiducial 识别失败怎么处理？", "filters": {}, "evidence_sources": ["测试/测试项/视觉定位精度测试项说明.md", "服务/工单/服务工单WO-2025-0503.md", "接口测试流程.md"], "max_rerank_score": 2.9748, "low_confidence": false}
{"ts": "2026-04-21T21:07:38.392887", "event": "query", "question": "WPS-3000Pro 项目的主要里程碑有哪些？", "filters": {}, "evidence_sources": ["项目管理/项目/WPS-3200开发项目立项报告.md", "项目管理/项目/WPS-3000Pro项目立项报告.md", "培训/培训主题/WPS-3200新员工培训大纲.md"], "max_rerank_score": 3.6608, "low_confidence": false}
{"ts": "2026-04-21T21:07:50.159555", "event": "query", "question": "XX 半导体苏州客户有哪些特殊需求？", "filters": {}, "evidence_sources": ["项目管理/客户/XX半导体苏州客户档案.md", "项目管理/客户/XX半导体苏州客户档案.md", "项目管理/客户/华东先进封装客户档案.md"], "max_rerank_score": 3.5269, "low_confidence": false}
{"ts": "2026-04-21T21:07:58.892159", "event": "query", "question": "QE-2025-0087 的根本原因是什么？", "filters": {}, "evidence_sources": ["质量/质量事件/质量事件报告QE-2025-0091.md", "质量/质量事件/质量事件报告QE-2025-0098.md", "质量/质量事件/质量事件报告QE-2025-0087.md"], "max_rerank_score": 0.5382, "low_confidence": false}
{"ts": "2026-04-21T21:08:02.395568", "event": "query", "question": "8D-2025-0087 采取了哪些永久纠正措施？", "filters": {}, "evidence_sources": ["质量/8D/8D报告-2025-0091.md", "质量/8D/8D报告-2025-0098.md", "质量/8D/8D报告-2025-0104.md"], "max_rerank_score": -1.7737, "low_confidence": true}
{"ts": "2026-04-21T21:08:07.230017", "event": "query", "question": "高压测试链路中 RPN 最高的风险是什么？", "filters": {}, "evidence_sources": ["项目管理/项目/视觉算法重构项目里程碑报告.md", "质量/FMEA/高压测试链路FMEA分析.md", "测试/测试项/高压参数测试项定义说明.md"], "max_rerank_score": -6.0524, "low_confidence": true}
{"ts": "2026-04-21T21:08:25.662939", "event": "query", "question": "WPS-3000 的主要技术指标是什么？", "filters": {"doc_type": "project"}, "evidence_sources": ["项目管理/项目/WPS-3200开发项目立项报告.md", "项目管理/项目/WPS-3200开发项目立项报告.md", "项目管理/项目/ATE-Link平台改造项目建议书.md"], "max_rerank_score": 4.1122, "low_confidence": false}
{"ts": "2026-04-21T21:08:37.067289", "event": "query", "question": "开路/短路检测的判定标准是什么？", "filters": {"department": "测试", "doc_type": "test_spec"}, "evidence_sources": ["测试/测试项/晶圆CP测试项定义与规范.md", "测试/测试项/晶圆FT测试项定义与规范.md", "测试/测试项/晶圆FT测试项定义与规范.md"], "max_rerank_score": 2.725, "low_confidence": false}
{"ts": "2026-04-21T21:08:53.746151", "event": "query", "question": "WPS-3000 当前发布版本有哪些重要功能？", "filters": {"version": "V2.1", "doc_type": "release_note"}, "evidence_sources": ["研发/版本/WPS-3000软件版本发布说明V2.1.md", "研发/版本/WPS-3000软件版本发布说明V2.1.md", "研发/版本/WPS-3000软件版本发布说明V2.1.md"], "max_rerank_score": 5.275, "low_confidence": false}
{"ts": "2026-04-21T21:08:57.328999", "event": "query", "question": "WPS-3000 当前发布版本有哪些重要功能？", "filters": {"version": "V2.3", "doc_type": "release_note"}, "evidence_sources": ["研发/版本/WPS-3000软件版本发布说明V2.3.md", "研发/版本/WPS-3000软件版本发布说明V2.3.md", "研发/版本/WPS-3000软件版本发布说明V2.3.md"], "max_rerank_score": 4.729, "low_confidence": false}
{"ts": "2026-04-21T21:09:01.671246", "event": "query", "question": "VIS-1002 相关信息是什么？", "filters": {"doc_type": "fault_code"}, "evidence_sources": ["维护/故障码/WPS-3000故障码定义手册.md", "维护/故障码/WPS-3000故障码定义手册.md", "维护/故障码/WPS-3000故障码定义手册.md"], "max_rerank_score": 0.1644, "low_confidence": false}
{"ts": "2026-04-21T21:09:06.382256", "event": "query", "question": "VIS-1002 相关信息是什么？", "filters": {"doc_type": "fault_case"}, "evidence_sources": ["维护/故障案例/VIS-1002-Fiducial识别失败案例.md", "维护/故障案例/VIS-1002-Fiducial识别失败案例.md", "维护/故障案例/VIS-1002-Fiducial识别失败案例.md"], "max_rerank_score": 1.3997, "low_confidence": false}
{"ts": "2026-04-21T21:09:15.213490", "event": "query", "question": "客户有哪些特殊需求？", "filters": {"doc_type": "customer"}, "evidence_sources": ["项目管理/客户/华东先进封装客户档案.md", "项目管理/客户/海外代工厂客户合作档案.md", "项目管理/客户/深圳车规芯片客户服务档案.md"], "max_rerank_score": 3.3328, "low_confidence": false}
{"ts": "2026-04-21T21:09:21.915865", "event": "query", "question": "2026届毕业生一次性求职补贴申报对象和标准是什么？", "filters": {"confidentiality": "公开"}, "evidence_sources": ["人力资源/通知/关于做好2026届毕业生一次性求职补贴申报工作的通知.docx", "人力资源/通知/关于做好2026届毕业生一次性求职补贴申报工作的通知.docx", "人力资源/通知/关于做好2026届毕业生一次性求职补贴申报工作的通知.docx"], "max_rerank_score": 5.8063, "low_confidence": false}
{"ts": "2026-04-21T21:09:32.298393", "event": "query", "question": "WPS-3000 的主要技术指标是什么？", "filters": {"product_line": "晶圆测试设备", "version": "V2.1", "department": "研发", "doc_type": "spec"}, "evidence_sources": ["研发/机型/WPS-3000机型规格说明.md", "研发/机型/WPS-3000机型规格说明.md", "研发/机型/WPS-3000机型规格说明.md"], "max_rerank_score": -1.0788, "low_confidence": true}
{"ts": "2026-04-21T21:09:38.144876", "event": "query", "question": "WPS-3000 的主要技术指标是什么？", "filters": {"department": "人力资源"}, "evidence_sources": ["培训/岗位/测试开发工程师岗位说明书.md", "培训/岗位/现场服务工程师岗位说明书.md", "培训/岗位/资料开发工程师岗位说明书.md"], "max_rerank_score": 0.4135, "low_confidence": false}
{"ts": "2026-04-22T22:05:38.760621", "event": "query", "question": "WPS-3000 的主要技术指标是什么？", "filters": {}, "evidence_sources": ["培训/培训主题/WPS-3000现场工程师认证培训大纲.md", "项目管理/项目/WPS-3000Pro项目立项报告.md", "维护/故障码/WPS-3000故障码定义手册.md"], "max_rerank_score": 3.9531, "low_confidence": false}
{"ts": "2026-04-22T22:05:56.417525", "event": "query", "question": "WPS-3000 软件 V2.1 新增了哪些功能？", "filters": {}, "evidence_sources": ["研发/版本/WPS-3000软件版本发布说明V2.2.md", "研发/版本/WPS-3000软件版本发布说明V2.1.md", "研发/版本/WPS-3000软件版本发布说明V2.3.md"], "max_rerank_score": 4.7848, "low_confidence": false}
{"ts": "2026-04-22T22:06:03.156432", "event": "query", "question": "开路/短路检测的判定标准是什么？", "filters": {}, "evidence_sources": ["测试/测试项/晶圆CP测试项定义与规范.md", "测试/测试用例/开路短路测试用例集.md", "研发/知识库/接口测试基础知识.md"], "max_rerank_score": 2.725, "low_confidence": false}
{"ts": "2026-04-22T22:06:14.777957", "event": "query", "question": "VIS-1002 是什么意思？", "filters": {}, "evidence_sources": ["维护/故障案例/VIS-1002-Fiducial识别失败案例.md", "维护/故障码/WPS-3000故障码定义手册.md", "培训/培训主题/WPS-3000现场工程师认证培训大纲.md"], "max_rerank_score": 2.8999, "low_confidence": false}
{"ts": "2026-04-22T22:06:20.616899", "event": "query", "question": "Fiducial 识别失败怎么处理？", "filters": {}, "evidence_sources": ["维护/故障码/WPS-3000故障码定义手册.md", "维护/故障案例/VIS-1002-Fiducial识别失败案例.md", "测试/测试项/晶圆CP测试项定义与规范.md"], "max_rerank_score": 3.2335, "low_confidence": false}
{"ts": "2026-04-22T22:06:26.376290", "event": "query", "question": "WPS-3000Pro 项目的主要里程碑有哪些？", "filters": {}, "evidence_sources": ["项目管理/项目/WPS-3000Pro项目立项报告.md", "培训/培训主题/WPS-3000现场工程师认证培训大纲.md", "维护/故障码/WPS-3000故障码定义手册.md"], "max_rerank_score": 1.0815, "low_confidence": false}
{"ts": "2026-04-22T22:06:38.974002", "event": "query", "question": "XX 半导体苏州客户有哪些特殊需求？", "filters": {}, "evidence_sources": ["项目管理/客户/XX半导体苏州客户档案.md", "质量/质量事件/质量事件报告QE-2025-0087.md", "维护/故障案例/VIS-1002-Fiducial识别失败案例.md"], "max_rerank_score": 0.3018, "low_confidence": false}
{"ts": "2026-04-22T22:06:48.647537", "event": "query", "question": "QE-2025-0087 的根本原因是什么？", "filters": {}, "evidence_sources": ["质量/质量事件/质量事件报告QE-2025-0087.md", "质量/8D/8D报告-2025-0087.md", "维护/故障案例/VIS-1002-Fiducial识别失败案例.md"], "max_rerank_score": -0.6005, "low_confidence": true}
{"ts": "2026-04-22T22:06:53.464298", "event": "query", "question": "8D-2025-0087 采取了哪些永久纠正措施？", "filters": {}, "evidence_sources": ["质量/8D/8D报告-2025-0087.md", "质量/质量事件/质量事件报告QE-2025-0087.md", "维护/故障案例/VIS-1002-Fiducial识别失败案例.md"], "max_rerank_score": 0.0022, "low_confidence": true}
{"ts": "2026-04-22T22:07:07.980123", "event": "query", "question": "高压测试链路中 RPN 最高的风险是什么？", "filters": {}, "evidence_sources": ["质量/FMEA/WPS-3000视觉模块FMEA分析.md", "项目管理/项目/WPS-3000Pro项目立项报告.md", "研发/机型/WPS-3000机型规格说明.md"], "max_rerank_score": 3.6009, "low_confidence": false}
{"ts": "2026-04-22T22:07:14.822515", "event": "query", "question": "WPS-3000 的主要技术指标是什么？", "filters": {"doc_type": "spec"}, "evidence_sources": ["研发/机型/WPS-3100机型规格说明.md", "研发/机型/WPS-3000机型规格说明.md", "研发/机型/WPS-3200机型结构设计说明.md"], "max_rerank_score": -0.4931, "low_confidence": true}
{"ts": "2026-04-22T22:07:21.225842", "event": "query", "question": "WPS-3000 的主要技术指标是什么？", "filters": {"doc_type": "project"}, "evidence_sources": ["项目管理/项目/WPS-3200开发项目立项报告.md", "项目管理/项目/WPS-3000Pro项目立项报告.md", "项目管理/项目/ATE-Link平台改造项目建议书.md"], "max_rerank_score": 4.1122, "low_confidence": false}
{"ts": "2026-04-22T22:07:31.241445", "event": "query", "question": "开路/短路检测的判定标准是什么？", "filters": {"department": "测试", "doc_type": "test_spec"}, "evidence_sources": ["测试/测试项/晶圆CP测试项定义与规范.md", "测试/测试项/晶圆FT测试项定义与规范.md", "测试/测试项/老化筛选测试项执行规范.md"], "max_rerank_score": 2.725, "low_confidence": false}
{"ts": "2026-04-22T22:07:44.693018", "event": "query", "question": "开路/短路检测的判定标准是什么？", "filters": {"department": "研发"}, "evidence_sources": ["研发/知识库/接口测试基础知识.md", "研发/知识库/测试基础知识.md", "维护/故障码/WPS-3000故障码定义手册.md"], "max_rerank_score": -1.8492, "low_confidence": true}
{"ts": "2026-04-22T22:07:56.249357", "event": "query", "question": "WPS-3000 当前发布版本有哪些重要功能？", "filters": {"version": "V2.1", "doc_type": "release_note"}, "evidence_sources": ["研发/版本/WPS-3000软件版本发布说明V2.1.md"], "max_rerank_score": 5.275, "low_confidence": false}
{"ts": "2026-04-22T22:08:01.404701", "event": "query", "question": "WPS-3000 当前发布版本有哪些重要功能？", "filters": {"version": "V2.3", "doc_type": "release_note"}, "evidence_sources": ["研发/版本/WPS-3000软件版本发布说明V2.3.md"], "max_rerank_score": 4.729, "low_confidence": false}
{"ts": "2026-04-22T22:08:06.322305", "event": "query", "question": "VIS-1002 相关信息是什么？", "filters": {"doc_type": "fault_code"}, "evidence_sources": ["维护/故障码/WPS-3000故障码定义手册.md", "维护/故障码/运动控制器故障码处理手册.md", "维护/故障码/测试头板卡故障码映射表.md"], "max_rerank_score": 0.1644, "low_confidence": false}
{"ts": "2026-04-22T22:08:10.686911", "event": "query", "question": "VIS-1002 相关信息是什么？", "filters": {"doc_type": "fault_case"}, "evidence_sources": ["维护/故障案例/VIS-1002-Fiducial识别失败案例.md", "维护/故障案例/客户现场真空吸附异常案例.md", "维护/故障案例/探针卡接触不良排查案例.md"], "max_rerank_score": 1.3997, "low_confidence": false}
{"ts": "2026-04-22T22:08:16.972065", "event": "query", "question": "客户有哪些特殊需求？", "filters": {"doc_type": "customer"}, "evidence_sources": ["项目管理/客户/XX半导体苏州客户档案.md", "项目管理/客户/华东先进封装客户档案.md", "项目管理/客户/海外代工厂客户合作档案.md"], "max_rerank_score": 3.3328, "low_confidence": false}
{"ts": "2026-04-22T22:08:24.633497", "event": "query", "question": "2026届毕业生一次性求职补贴申报对象和标准是什么？", "filters": {"confidentiality": "公开"}, "evidence_sources": ["人力资源/通知/关于做好2026届毕业生一次性求职补贴申报工作的通知.docx", "服务/工单/服务工单WO-2025-0312.md.meta.json", "产品/方案/文档中心方案.docx.meta.json"], "max_rerank_score": 5.8063, "low_confidence": false}
{"ts": "2026-04-22T22:08:35.368536", "event": "query", "question": "WPS-3000 的主要技术指标是什么？", "filters": {"product_line": "晶圆测试设备", "version": "V2.1", "department": "研发", "doc_type": "spec"}, "evidence_sources": ["研发/机型/WPS-3000机型规格说明.md"], "max_rerank_score": -1.0788, "low_confidence": true}
{"ts": "2026-04-22T22:08:42.902110", "event": "query", "question": "WPS-3000 的主要技术指标是什么？", "filters": {"department": "人力资源"}, "evidence_sources": ["培训/岗位/测试开发工程师岗位说明书.md", "培训/岗位/售后服务工程师岗位说明书.md", "培训/岗位/资料开发工程师岗位说明书.md"], "max_rerank_score": 0.4135, "low_confidence": false}
